<?xml version="1.0" encoding="UTF-8"?>
<testng-results ignored="0" total="8" passed="7" failed="1" skipped="0">
  <reporter-output>
  </reporter-output>
  <suite started-at="2024-08-06T22:19:50 IST" name="Suite" finished-at="2024-08-06T22:22:01 IST" duration-ms="131047">
    <groups>
    </groups>
    <test started-at="2024-08-06T22:19:50 IST" name="Test" finished-at="2024-08-06T22:22:01 IST" duration-ms="131047">
      <class name="com.restassured.RestAssuredImplementationClass">
        <test-method signature="getUser()[pri:0, instance:com.restassured.RestAssuredImplementationClass@13b6aecc]" started-at="2024-08-06T22:21:56 IST" name="getUser" finished-at="2024-08-06T22:22:01 IST" duration-ms="4875" status="PASS">
          <reporter-output>
          </reporter-output>
        </test-method> <!-- getUser -->
      </class> <!-- com.restassured.RestAssuredImplementationClass -->
      <class name="com.itlearn.testcases.LoginTestDriverData">
        <test-method is-config="true" signature="setUp()[pri:0, instance:com.itlearn.testcases.LoginTestDriverData@7d8704ef]" started-at="2024-08-06T22:21:29 IST" name="setUp" finished-at="2024-08-06T22:21:48 IST" duration-ms="18711" status="PASS">
          <reporter-output>
          </reporter-output>
        </test-method> <!-- setUp -->
        <test-method signature="verifyLogin(java.lang.String,java.lang.String)[pri:1, instance:com.itlearn.testcases.LoginTestDriverData@7d8704ef]" started-at="2024-08-06T22:21:48 IST" name="verifyLogin" data-provider="LoginDataProvider" finished-at="2024-08-06T22:21:54 IST" duration-ms="5391" status="PASS">
          <params>
            <param index="0">
              <value>
                <![CDATA[Demo12]]>
              </value>
            </param>
            <param index="1">
              <value>
                <![CDATA[Test123456$]]>
              </value>
            </param>
          </params>
          <reporter-output>
          </reporter-output>
        </test-method> <!-- verifyLogin -->
        <test-method signature="verifyLogin(java.lang.String,java.lang.String)[pri:1, instance:com.itlearn.testcases.LoginTestDriverData@7d8704ef]" started-at="2024-08-06T22:21:54 IST" name="verifyLogin" data-provider="LoginDataProvider" finished-at="2024-08-06T22:21:56 IST" duration-ms="2246" status="FAIL">
          <params>
            <param index="0">
              <value>
                <![CDATA[Demo12343465]]>
              </value>
            </param>
            <param index="1">
              <value>
                <![CDATA[Test123456$]]>
              </value>
            </param>
          </params>
          <exception class="java.lang.AssertionError">
            <message>
              <![CDATA[expected [true] but found [false]]]>
            </message>
            <full-stacktrace>
              <![CDATA[java.lang.AssertionError: expected [true] but found [false]
at org.testng.Assert.fail(Assert.java:110)
at org.testng.Assert.failNotEquals(Assert.java:1413)
at org.testng.Assert.assertTrue(Assert.java:56)
at org.testng.Assert.assertTrue(Assert.java:66)
at com.itlearn.testcases.LoginTestDriverData.verifyLogin(LoginTestDriverData.java:34)
at java.base/jdk.internal.reflect.DirectMethodHandleAccessor.invoke(DirectMethodHandleAccessor.java:103)
at java.base/java.lang.reflect.Method.invoke(Method.java:580)
at org.testng.internal.invokers.MethodInvocationHelper.invokeMethod(MethodInvocationHelper.java:139)
at org.testng.internal.invokers.TestInvoker.invokeMethod(TestInvoker.java:677)
at org.testng.internal.invokers.TestInvoker.invokeTestMethod(TestInvoker.java:221)
at org.testng.internal.invokers.MethodRunner.runInSequence(MethodRunner.java:50)
at org.testng.internal.invokers.TestInvoker$MethodInvocationAgent.invoke(TestInvoker.java:969)
at org.testng.internal.invokers.TestInvoker.invokeTestMethods(TestInvoker.java:194)
at org.testng.internal.invokers.TestMethodWorker.invokeTestMethods(TestMethodWorker.java:148)
at org.testng.internal.invokers.TestMethodWorker.run(TestMethodWorker.java:128)
at java.base/java.util.ArrayList.forEach(ArrayList.java:1596)
at org.testng.TestRunner.privateRun(TestRunner.java:829)
at org.testng.TestRunner.run(TestRunner.java:602)
at org.testng.SuiteRunner.runTest(SuiteRunner.java:437)
at org.testng.SuiteRunner.runSequentially(SuiteRunner.java:431)
at org.testng.SuiteRunner.privateRun(SuiteRunner.java:391)
at org.testng.SuiteRunner.run(SuiteRunner.java:330)
at org.testng.SuiteRunnerWorker.runSuite(SuiteRunnerWorker.java:52)
at org.testng.SuiteRunnerWorker.run(SuiteRunnerWorker.java:95)
at org.testng.TestNG.runSuitesSequentially(TestNG.java:1256)
at org.testng.TestNG.runSuitesLocally(TestNG.java:1176)
at org.testng.TestNG.runSuites(TestNG.java:1099)
at org.testng.TestNG.run(TestNG.java:1067)
at org.testng.remote.AbstractRemoteTestNG.run(AbstractRemoteTestNG.java:115)
at org.testng.remote.RemoteTestNG.initAndRun(RemoteTestNG.java:293)
at org.testng.remote.RemoteTestNG.main(RemoteTestNG.java:91)
]]>
            </full-stacktrace>
          </exception> <!-- java.lang.AssertionError -->
          <reporter-output>
          </reporter-output>
        </test-method> <!-- verifyLogin -->
        <test-method is-config="true" signature="tearDown()[pri:0, instance:com.itlearn.testcases.LoginTestDriverData@7d8704ef]" started-at="2024-08-06T22:21:56 IST" name="tearDown" finished-at="2024-08-06T22:21:56 IST" duration-ms="280" status="PASS">
          <reporter-output>
          </reporter-output>
        </test-method> <!-- tearDown -->
      </class> <!-- com.itlearn.testcases.LoginTestDriverData -->
      <class name="com.itlearn.testcases.PaymentTestCase">
        <test-method is-config="true" signature="setUp()[pri:0, instance:com.itlearn.testcases.PaymentTestCase@609cd4d8]" started-at="2024-08-06T22:20:42 IST" name="setUp" finished-at="2024-08-06T22:20:57 IST" duration-ms="14734" status="PASS">
          <reporter-output>
          </reporter-output>
        </test-method> <!-- setUp -->
        <test-method signature="testcourses()[pri:1, instance:com.itlearn.testcases.PaymentTestCase@609cd4d8]" started-at="2024-08-06T22:20:57 IST" name="testcourses" finished-at="2024-08-06T22:21:13 IST" duration-ms="16587" status="PASS">
          <reporter-output>
          </reporter-output>
        </test-method> <!-- testcourses -->
        <test-method is-config="true" signature="tearDown()[pri:0, instance:com.itlearn.testcases.PaymentTestCase@609cd4d8]" started-at="2024-08-06T22:21:13 IST" name="tearDown" finished-at="2024-08-06T22:21:13 IST" duration-ms="0" status="PASS">
          <reporter-output>
          </reporter-output>
        </test-method> <!-- tearDown -->
      </class> <!-- com.itlearn.testcases.PaymentTestCase -->
      <class name="com.itlearn.testcases.LoginTest">
        <test-method is-config="true" signature="setUp()[pri:0, instance:com.itlearn.testcases.LoginTest@17f7cd29]" started-at="2024-08-06T22:21:13 IST" name="setUp" finished-at="2024-08-06T22:21:26 IST" duration-ms="12906" status="PASS">
          <reporter-output>
          </reporter-output>
        </test-method> <!-- setUp -->
        <test-method signature="verifyLogin()[pri:1, instance:com.itlearn.testcases.LoginTest@17f7cd29]" started-at="2024-08-06T22:21:26 IST" name="verifyLogin" finished-at="2024-08-06T22:21:29 IST" duration-ms="2744" status="PASS">
          <reporter-output>
          </reporter-output>
        </test-method> <!-- verifyLogin -->
        <test-method signature="fetchDashboardText()[pri:2, instance:com.itlearn.testcases.LoginTest@17f7cd29]" started-at="2024-08-06T22:21:29 IST" name="fetchDashboardText" finished-at="2024-08-06T22:21:29 IST" duration-ms="56" status="PASS">
          <reporter-output>
          </reporter-output>
        </test-method> <!-- fetchDashboardText -->
        <test-method is-config="true" signature="tearDown()[pri:0, instance:com.itlearn.testcases.LoginTest@17f7cd29]" started-at="2024-08-06T22:21:29 IST" name="tearDown" finished-at="2024-08-06T22:21:29 IST" duration-ms="293" status="PASS">
          <reporter-output>
          </reporter-output>
        </test-method> <!-- tearDown -->
      </class> <!-- com.itlearn.testcases.LoginTest -->
      <class name="com.itlearn.testcases.DashBoardTestCase">
        <test-method is-config="true" signature="setUp()[pri:0, instance:com.itlearn.testcases.DashBoardTestCase@bccb269]" started-at="2024-08-06T22:20:13 IST" name="setUp" finished-at="2024-08-06T22:20:27 IST" duration-ms="14363" status="PASS">
          <reporter-output>
          </reporter-output>
        </test-method> <!-- setUp -->
        <test-method signature="testcourses()[pri:1, instance:com.itlearn.testcases.DashBoardTestCase@bccb269]" started-at="2024-08-06T22:20:27 IST" name="testcourses" finished-at="2024-08-06T22:20:42 IST" duration-ms="14241" status="PASS">
          <reporter-output>
          </reporter-output>
        </test-method> <!-- testcourses -->
        <test-method is-config="true" signature="tearDown()[pri:0, instance:com.itlearn.testcases.DashBoardTestCase@bccb269]" started-at="2024-08-06T22:20:42 IST" name="tearDown" finished-at="2024-08-06T22:20:42 IST" duration-ms="301" status="PASS">
          <reporter-output>
          </reporter-output>
        </test-method> <!-- tearDown -->
      </class> <!-- com.itlearn.testcases.DashBoardTestCase -->
      <class name="com.itlearn.testcases.SerachTestCase">
        <test-method is-config="true" signature="setUp()[pri:0, instance:com.itlearn.testcases.SerachTestCase@66d18979]" started-at="2024-08-06T22:19:50 IST" name="setUp" finished-at="2024-08-06T22:20:05 IST" duration-ms="15246" status="PASS">
          <reporter-output>
          </reporter-output>
        </test-method> <!-- setUp -->
        <test-method signature="searchCourseTesr()[pri:1, instance:com.itlearn.testcases.SerachTestCase@66d18979]" started-at="2024-08-06T22:20:05 IST" name="searchCourseTesr" finished-at="2024-08-06T22:20:13 IST" duration-ms="7345" status="PASS">
          <reporter-output>
          </reporter-output>
        </test-method> <!-- searchCourseTesr -->
        <test-method is-config="true" signature="tearDown()[pri:0, instance:com.itlearn.testcases.SerachTestCase@66d18979]" started-at="2024-08-06T22:20:13 IST" name="tearDown" finished-at="2024-08-06T22:20:13 IST" duration-ms="380" status="PASS">
          <reporter-output>
          </reporter-output>
        </test-method> <!-- tearDown -->
      </class> <!-- com.itlearn.testcases.SerachTestCase -->
    </test> <!-- Test -->
  </suite> <!-- Suite -->
</testng-results>
