<?xml version="1.0" encoding="UTF-8"?>
<!-- Generated by org.testng.reporters.JUnitXMLReporter -->
<testsuite ignored="0" hostname="ms" failures="1" tests="8" name="Test" time="131.047" errors="0" timestamp="2024-08-06T22:22:01 IST">
  <testcase classname="com.itlearn.testcases.SerachTestCase" name="searchCourseTesr" time="7.345"/>
  <testcase classname="com.itlearn.testcases.DashBoardTestCase" name="testcourses" time="14.241"/>
  <testcase classname="com.itlearn.testcases.PaymentTestCase" name="testcourses" time="16.587"/>
  <testcase classname="com.itlearn.testcases.LoginTest" name="verifyLogin" time="2.744"/>
  <testcase classname="com.itlearn.testcases.LoginTest" name="fetchDashboardText" time="0.056"/>
  <testcase classname="com.itlearn.testcases.LoginTestDriverData" name="verifyLogin" time="5.391"/>
  <testcase classname="com.itlearn.testcases.LoginTestDriverData" name="verifyLogin" time="2.246">
    <failure type="java.lang.AssertionError" message="expected [true] but found [false]">
      <![CDATA[java.lang.AssertionError: expected [true] but found [false]
at com.itlearn.testcases.LoginTestDriverData.verifyLogin(LoginTestDriverData.java:34)
at java.base/java.util.ArrayList.forEach(ArrayList.java:1596)
... Removed 29 stack frames]]>
    </failure>
  </testcase> <!-- verifyLogin -->
  <testcase classname="com.restassured.RestAssuredImplementationClass" name="getUser" time="4.875"/>
</testsuite> <!-- Test -->
